<?xml version="1.0" encoding="UTF-8"?>
<!-- Generated by org.testng.reporters.JUnitReportReporter -->
<testsuite hostname="Herdians-MacBook-Air.local" failures="0" tests="1" name="batch10.WebAutomation.AppTest" time="0.170" errors="0" timestamp="13 Aug 2022 10:13:06 GMT" skipped="0">
  <testcase classname="batch10.WebAutomation.AppTest" name="shouldAnswerWithTrue" time="0.170"/>
</testsuite> <!-- batch10.WebAutomation.AppTest -->
