<?xml version="1.0" encoding="UTF-8"?>
<!-- Generated by org.testng.reporters.JUnitReportReporter -->
<testsuite hostname="Herdians-MacBook-Air.local" failures="0" tests="1" name="batch10.WebAutomation.WebTestTask3" time="10.467" errors="0" timestamp="13 Aug 2022 13:58:44 GMT" skipped="0">
  <testcase classname="batch10.WebAutomation.WebTestTask3" name="getContentOfInbox" time="10.467"/>
</testsuite> <!-- batch10.WebAutomation.WebTestTask3 -->
